<?xml version="1.0" encoding="UTF-8"?>
<testsuites name="TestSuite1" time="58" tests="2" failures="0" errors="0">
   <testsuite name="TestSuite1" tests="2" failures="0" errors="0" time="58" timestamp="2019-04-03 16:04:23" hostname="DESKTOP-QQU4FKT$ - DESKTOP-QQU4FKT" id="Test Suites/TestSuite1">
      <properties>
         <property name="deviceName" value=""/>
         <property name="devicePlatform" value=""/>
         <property name="logFolder" value="C:\\Users\\Usuario\\git\\KatalonGitTest1\\Reports\\TestSuite1\\20190403_160410"/>
         <property name="logFiles" value="C:\\Users\\Usuario\\git\\KatalonGitTest1\\Reports\\TestSuite1\\20190403_160410\\execution0.log"/>
         <property name="attachments" value=""/>
         <property name="hostName" value="DESKTOP-QQU4FKT$ - DESKTOP-QQU4FKT"/>
         <property name="os" value="Windows 10 64bit"/>
         <property name="katalonVersion" value="6.0.5.4"/>
         <property name="browser" value="Chrome 73.0.3683.86"/>
         <property name="hostAddress" value="192.168.56.1"/>
         <property name="sessionId" value="317454880357a834fb494cf52e0aa7a7"/>
         <property name="seleniumVersion" value="3.7.1"/>
         <property name="proxyInformation" value="ProxyInformation{proxyOption=NO_PROXY, proxyServerType=HTTP, password=, proxyServerAddress=, proxyServerPort=0}"/>
         <property name="platform" value="Windows 10"/>
      </properties>
      <testcase name="Test Cases/Test - 1 By Tom" classname="Test Cases/Test - 1 By Tom" status="PASSED">
         <system-out><![CDATA[2019-04-03 16:04:24 - [TEST_CASE][PASSED] - Test Cases/Test - 1 By Tom: Test Cases/Test - 1 By Tom

2019-04-03 16:04:24 - [TEST_STEP][PASSED] - openBrowser(""): Browser is opened with url: ''

2019-04-03 16:04:25 - [MESSAGE][INFO] - Starting 'Chrome' driver

2019-04-03 16:04:25 - [MESSAGE][INFO] - Action delay is set to 0 seconds

2019-04-03 16:04:54 - [MESSAGE][PASSED] - Browser is opened with url: ''

2019-04-03 16:04:54 - [TEST_STEP][PASSED] - navigateToUrl("lifecharger.org"): Navigate to 'http://lifecharger.org' successfully

2019-04-03 16:05:03 - [MESSAGE][PASSED] - Navigate to 'http://lifecharger.org' successfully

2019-04-03 16:05:03 - [TEST_STEP][PASSED] - closeBrowser(): Browser is closed

2019-04-03 16:05:04 - [MESSAGE][PASSED] - Browser is closed]]></system-out>
         <system-err><![CDATA[]]></system-err>
      </testcase>
      <testcase name="Test Cases/Test Case 991" classname="Test Cases/Test Case 991" status="PASSED">
         <system-out><![CDATA[2019-04-03 16:05:04 - [TEST_CASE][PASSED] - Test Cases/Test Case 991: Test Cases/Test Case 991

2019-04-03 16:05:04 - [TEST_STEP][PASSED] - openBrowser("https://www.katalon.com"): Browser is opened with url: 'https://www.katalon.com'

2019-04-03 16:05:04 - [MESSAGE][INFO] - Starting 'Chrome' driver

2019-04-03 16:05:20 - [MESSAGE][PASSED] - Browser is opened with url: 'https://www.katalon.com'

2019-04-03 16:05:20 - [TEST_STEP][PASSED] - closeBrowser(): Browser is closed

2019-04-03 16:05:21 - [MESSAGE][PASSED] - Browser is closed]]></system-out>
         <system-err><![CDATA[]]></system-err>
      </testcase>
      <system-out><![CDATA[2019-04-03 16:04:23 - [TEST_SUITE][PASSED] - TestSuite1: Test Cases/Test Case 991]]></system-out>
      <system-err><![CDATA[]]></system-err>
   </testsuite>
</testsuites>
